<?xml version="1.0" encoding="UTF-8"?>
<testng-results ignored="0" total="1" passed="1" failed="0" skipped="0">
  <reporter-output>
    <line>
      <![CDATA[Database connected Successfully]]>
    </line>
    <line>
      <![CDATA[browser launched]]>
    </line>
    <line>
      <![CDATA[Login successfully]]>
    </line>
    <line>
      <![CDATA[Logout Successfuly]]>
    </line>
    <line>
      <![CDATA[browser closed]]>
    </line>
    <line>
      <![CDATA[database disconnected successfully]]>
    </line>
  </reporter-output>
  <suite started-at="2023-03-28T12:04:04 IST" name="Default suite" finished-at="2023-03-28T12:04:47 IST" duration-ms="43591">
    <groups>
    </groups>
    <test started-at="2023-03-28T12:04:04 IST" name="Default test" finished-at="2023-03-28T12:04:47 IST" duration-ms="43591">
      <class name="com.Actitime.Testscripts.TaskTest">
        <test-method is-config="true" signature="databaseconnection()[pri:0, instance:com.Actitime.Testscripts.TaskTest@4a22f9e2]" started-at="2023-03-28T12:04:04 IST" name="databaseconnection" finished-at="2023-03-28T12:04:04 IST" duration-ms="8" status="PASS">
          <reporter-output>
            <line>
              <![CDATA[Database connected Successfully]]>
            </line>
          </reporter-output>
        </test-method> <!-- databaseconnection -->
        <test-method is-config="true" signature="LaunchBrowser()[pri:0, instance:com.Actitime.Testscripts.TaskTest@4a22f9e2]" started-at="2023-03-28T12:04:04 IST" name="LaunchBrowser" finished-at="2023-03-28T12:04:38 IST" duration-ms="33794" status="PASS">
          <reporter-output>
            <line>
              <![CDATA[browser launched]]>
            </line>
          </reporter-output>
        </test-method> <!-- LaunchBrowser -->
        <test-method is-config="true" signature="Login()[pri:0, instance:com.Actitime.Testscripts.TaskTest@4a22f9e2]" started-at="2023-03-28T12:04:38 IST" name="Login" finished-at="2023-03-28T12:04:38 IST" duration-ms="230" status="PASS">
          <reporter-output>
            <line>
              <![CDATA[Login successfully]]>
            </line>
          </reporter-output>
        </test-method> <!-- Login -->
        <test-method signature="createcustomer()[pri:0, instance:com.Actitime.Testscripts.TaskTest@4a22f9e2]" started-at="2023-03-28T12:04:38 IST" name="createcustomer" finished-at="2023-03-28T12:04:38 IST" duration-ms="16" status="PASS">
          <reporter-output>
          </reporter-output>
        </test-method> <!-- createcustomer -->
        <test-method is-config="true" signature="Logout()[pri:0, instance:com.Actitime.Testscripts.TaskTest@4a22f9e2]" started-at="2023-03-28T12:04:38 IST" name="Logout" finished-at="2023-03-28T12:04:47 IST" duration-ms="9378" status="PASS">
          <reporter-output>
            <line>
              <![CDATA[Logout Successfuly]]>
            </line>
          </reporter-output>
        </test-method> <!-- Logout -->
        <test-method is-config="true" signature="CloseBrowser()[pri:0, instance:com.Actitime.Testscripts.TaskTest@4a22f9e2]" started-at="2023-03-28T12:04:47 IST" name="CloseBrowser" finished-at="2023-03-28T12:04:47 IST" duration-ms="140" status="PASS">
          <reporter-output>
            <line>
              <![CDATA[browser closed]]>
            </line>
          </reporter-output>
        </test-method> <!-- CloseBrowser -->
        <test-method is-config="true" signature="databasedisconnection()[pri:0, instance:com.Actitime.Testscripts.TaskTest@4a22f9e2]" started-at="2023-03-28T12:04:47 IST" name="databasedisconnection" finished-at="2023-03-28T12:04:47 IST" duration-ms="0" status="PASS">
          <reporter-output>
            <line>
              <![CDATA[database disconnected successfully]]>
            </line>
          </reporter-output>
        </test-method> <!-- databasedisconnection -->
      </class> <!-- com.Actitime.Testscripts.TaskTest -->
    </test> <!-- Default test -->
  </suite> <!-- Default suite -->
</testng-results>
